Bricks_n_Saddle/app/build/intermediates/manifest_merge_blame_file/release/manifest-merger-blame-release-report.txt
1<?xml version="1.0" encoding="utf-8"?>
2<manifest xmlns:android="http://schemas.android.com/apk/res/android"
3    package="nitin.sangale.androidgames.briksnsaddle"
4    android:versionCode="9"
5    android:versionName="2.6" >
6
7    <uses-sdk
7-->src\main\AndroidManifest.xml:28:5-46
8        android:minSdkVersion="14"
8-->src\main\AndroidManifest.xml:28:5-46
9        android:targetSdkVersion="28" />
9-->src\main\AndroidManifest.xml:28:15-44
10
11    <uses-permission android:name="android.permission.WAKE_LOCK" />
11-->src\main\AndroidManifest.xml:24:5-68
11-->src\main\AndroidManifest.xml:24:22-65
12    <uses-permission android:name="android.permission.WRITE_EXTERNAL_STORAGE" />
12-->src\main\AndroidManifest.xml:25:5-80
12-->src\main\AndroidManifest.xml:25:22-78
13    <uses-permission android:name="android.permission.INTERNET" />
13-->src\main\AndroidManifest.xml:26:5-66
13-->src\main\AndroidManifest.xml:26:22-64
14    <uses-permission android:name="android.permission.ACCESS_NETWORK_STATE" />
14-->src\main\AndroidManifest.xml:27:5-78
14-->src\main\AndroidManifest.xml:27:22-76
15    <!-- Required by older versions of Google Play services to create GCM registration tokens -->
16    <uses-permission android:name="com.google.android.c2dm.permission.RECEIVE" />
16-->[com.google.android.gms:play-services-gcm:12.0.1] AndroidManifest.xml:23:5-82
16-->[com.google.android.gms:play-services-gcm:12.0.1] AndroidManifest.xml:23:22-79
17
18    <uses-feature
18-->[com.google.android.gms:play-services-maps:12.0.1] AndroidManifest.xml:26:5-28:35
19        android:glEsVersion="0x00020000"
19-->[com.google.android.gms:play-services-maps:12.0.1] AndroidManifest.xml:27:9-41
20        android:required="true" />
20-->[com.google.android.gms:play-services-maps:12.0.1] AndroidManifest.xml:28:9-32
21
22    <permission
22-->[com.google.firebase:firebase-iid:12.0.1] AndroidManifest.xml:28:5-30:47
23        android:name="nitin.sangale.androidgames.briksnsaddle.permission.C2D_MESSAGE"
23-->[com.google.firebase:firebase-iid:12.0.1] AndroidManifest.xml:29:9-63
24        android:protectionLevel="signature" />
24-->[com.google.firebase:firebase-iid:12.0.1] AndroidManifest.xml:30:9-44
25
26    <uses-permission android:name="nitin.sangale.androidgames.briksnsaddle.permission.C2D_MESSAGE" />
26-->[com.google.firebase:firebase-iid:12.0.1] AndroidManifest.xml:32:5-79
26-->[com.google.firebase:firebase-iid:12.0.1] AndroidManifest.xml:32:22-76
27
28    <application
28-->src\main\AndroidManifest.xml:6:5-23:19
29        android:name="android.support.multidex.MultiDexApplication"
30        android:allowBackup="true"
30-->src\main\AndroidManifest.xml:6:82-108
31        android:icon="@drawable/icon"
31-->src\main\AndroidManifest.xml:6:18-47
32        android:label="Bricks and Saddle" >
32-->src\main\AndroidManifest.xml:6:48-81
33        <meta-data
33-->src\main\AndroidManifest.xml:7:9-8:68
34            android:name="com.google.android.gms.version"
34-->src\main\AndroidManifest.xml:7:20-65
35            android:value="@integer/google_play_services_version" />
35-->src\main\AndroidManifest.xml:8:12-65
36
37        <activity
37-->src\main\AndroidManifest.xml:9:9-17:20
38            android:name="nitin.sangale.androidgames.briksnsaddle.BricksnSaddle"
38-->src\main\AndroidManifest.xml:9:19-48
39            android:configChanges="keyboard|keyboardHidden|orientation"
39-->src\main\AndroidManifest.xml:11:19-78
40            android:label="Bricks and Saddle"
40-->src\main\AndroidManifest.xml:10:19-52
41            android:screenOrientation="portrait" >
41-->src\main\AndroidManifest.xml:12:19-55
42            <intent-filter>
42-->src\main\AndroidManifest.xml:13:13-16:29
43                <action android:name="android.intent.action.MAIN" />
43-->src\main\AndroidManifest.xml:14:17-69
43-->src\main\AndroidManifest.xml:14:25-66
44
45                <category android:name="android.intent.category.LAUNCHER" />
45-->src\main\AndroidManifest.xml:15:17-77
45-->src\main\AndroidManifest.xml:15:27-74
46            </intent-filter>
47        </activity>
48        <activity
48-->src\main\AndroidManifest.xml:19:9-21:120
49            android:name="com.google.android.gms.ads.AdActivity"
49-->src\main\AndroidManifest.xml:20:9-61
50            android:configChanges="keyboard|keyboardHidden|orientation|screenLayout|uiMode|screenSize|smallestScreenSize"
50-->src\main\AndroidManifest.xml:21:9-118
51            android:exported="false"
51-->[com.google.android.gms:play-services-ads-lite:12.0.1] AndroidManifest.xml:32:13-37
52            android:theme="@android:style/Theme.Translucent" />
52-->[com.google.android.gms:play-services-ads-lite:12.0.1] AndroidManifest.xml:33:13-61
53
54        <receiver
54-->[com.google.android.gms:play-services-analytics:12.0.1] AndroidManifest.xml:30:9-34:20
55            android:name="com.google.android.gms.analytics.AnalyticsReceiver"
55-->[com.google.android.gms:play-services-analytics:12.0.1] AndroidManifest.xml:31:13-78
56            android:enabled="true"
56-->[com.google.android.gms:play-services-analytics:12.0.1] AndroidManifest.xml:32:13-35
57            android:exported="false" >
57-->[com.google.android.gms:play-services-analytics:12.0.1] AndroidManifest.xml:33:13-37
58        </receiver>
59
60        <service
60-->[com.google.android.gms:play-services-analytics:12.0.1] AndroidManifest.xml:36:9-39:40
61            android:name="com.google.android.gms.analytics.AnalyticsService"
61-->[com.google.android.gms:play-services-analytics:12.0.1] AndroidManifest.xml:37:13-77
62            android:enabled="true"
62-->[com.google.android.gms:play-services-analytics:12.0.1] AndroidManifest.xml:38:13-35
63            android:exported="false" />
63-->[com.google.android.gms:play-services-analytics:12.0.1] AndroidManifest.xml:39:13-37
64        <service
64-->[com.google.android.gms:play-services-analytics:12.0.1] AndroidManifest.xml:40:9-44:72
65            android:name="com.google.android.gms.analytics.AnalyticsJobService"
65-->[com.google.android.gms:play-services-analytics:12.0.1] AndroidManifest.xml:41:13-80
66            android:enabled="true"
66-->[com.google.android.gms:play-services-analytics:12.0.1] AndroidManifest.xml:42:13-35
67            android:exported="false"
67-->[com.google.android.gms:play-services-analytics:12.0.1] AndroidManifest.xml:43:13-37
68            android:permission="android.permission.BIND_JOB_SERVICE" />
68-->[com.google.android.gms:play-services-analytics:12.0.1] AndroidManifest.xml:44:13-69
69
70        <activity
70-->[com.google.android.gms:play-services-appinvite:12.0.1] AndroidManifest.xml:25:9-34:20
71            android:name="com.google.android.gms.appinvite.PreviewActivity"
71-->[com.google.android.gms:play-services-appinvite:12.0.1] AndroidManifest.xml:26:13-76
72            android:exported="true"
72-->[com.google.android.gms:play-services-appinvite:12.0.1] AndroidManifest.xml:27:13-36
73            android:theme="@style/Theme.AppInvite.Preview" >
73-->[com.google.android.gms:play-services-appinvite:12.0.1] AndroidManifest.xml:28:13-59
74            <intent-filter>
74-->[com.google.android.gms:play-services-appinvite:12.0.1] AndroidManifest.xml:29:13-33:29
75                <action android:name="com.google.android.gms.appinvite.ACTION_PREVIEW" />
75-->[com.google.android.gms:play-services-appinvite:12.0.1] AndroidManifest.xml:30:17-90
75-->[com.google.android.gms:play-services-appinvite:12.0.1] AndroidManifest.xml:30:25-87
76
77                <category android:name="android.intent.category.DEFAULT" />
77-->[com.google.android.gms:play-services-appinvite:12.0.1] AndroidManifest.xml:32:17-76
77-->[com.google.android.gms:play-services-appinvite:12.0.1] AndroidManifest.xml:32:27-73
78            </intent-filter>
79        </activity>
80        <activity
80-->[com.google.android.gms:play-services-auth:12.0.1] AndroidManifest.xml:23:9-27:75
81            android:name="com.google.android.gms.auth.api.signin.internal.SignInHubActivity"
81-->[com.google.android.gms:play-services-auth:12.0.1] AndroidManifest.xml:24:13-93
82            android:excludeFromRecents="true"
82-->[com.google.android.gms:play-services-auth:12.0.1] AndroidManifest.xml:25:13-46
83            android:exported="false"
83-->[com.google.android.gms:play-services-auth:12.0.1] AndroidManifest.xml:26:13-37
84            android:theme="@android:style/Theme.Translucent.NoTitleBar" />
84-->[com.google.android.gms:play-services-auth:12.0.1] AndroidManifest.xml:27:13-72
85        <!--
86            Service handling Google Sign-In user revocation. For apps that do not integrate with
87            Google Sign-In, this service will never be started.
88        -->
89        <service
89-->[com.google.android.gms:play-services-auth:12.0.1] AndroidManifest.xml:33:9-36:110
90            android:name="com.google.android.gms.auth.api.signin.RevocationBoundService"
90-->[com.google.android.gms:play-services-auth:12.0.1] AndroidManifest.xml:34:13-89
91            android:exported="true"
91-->[com.google.android.gms:play-services-auth:12.0.1] AndroidManifest.xml:35:13-36
92            android:permission="com.google.android.gms.auth.api.signin.permission.REVOCATION_NOTIFICATION" />
92-->[com.google.android.gms:play-services-auth:12.0.1] AndroidManifest.xml:36:13-107
93
94        <receiver android:name="com.google.android.gms.cast.framework.media.MediaIntentReceiver" />
94-->[com.google.android.gms:play-services-cast-framework:12.0.1] AndroidManifest.xml:8:9-100
94-->[com.google.android.gms:play-services-cast-framework:12.0.1] AndroidManifest.xml:8:19-97
95
96        <service android:name="com.google.android.gms.cast.framework.media.MediaNotificationService" />
96-->[com.google.android.gms:play-services-cast-framework:12.0.1] AndroidManifest.xml:10:9-104
96-->[com.google.android.gms:play-services-cast-framework:12.0.1] AndroidManifest.xml:10:18-101
97        <service android:name="com.google.android.gms.cast.framework.ReconnectionService" />
97-->[com.google.android.gms:play-services-cast-framework:12.0.1] AndroidManifest.xml:11:9-93
97-->[com.google.android.gms:play-services-cast-framework:12.0.1] AndroidManifest.xml:11:18-90
98
99        <activity
99-->[com.google.firebase:firebase-auth:12.0.1] AndroidManifest.xml:23:9-29:75
100            android:name="com.google.firebase.auth.internal.FederatedSignInActivity"
100-->[com.google.firebase:firebase-auth:12.0.1] AndroidManifest.xml:24:13-85
101            android:excludeFromRecents="true"
101-->[com.google.firebase:firebase-auth:12.0.1] AndroidManifest.xml:25:13-46
102            android:exported="true"
102-->[com.google.firebase:firebase-auth:12.0.1] AndroidManifest.xml:26:13-36
103            android:launchMode="singleInstance"
103-->[com.google.firebase:firebase-auth:12.0.1] AndroidManifest.xml:27:13-48
104            android:permission="com.google.firebase.auth.api.gms.permission.LAUNCH_FEDERATED_SIGN_IN"
104-->[com.google.firebase:firebase-auth:12.0.1] AndroidManifest.xml:28:13-102
105            android:theme="@android:style/Theme.Translucent.NoTitleBar" />
105-->[com.google.firebase:firebase-auth:12.0.1] AndroidManifest.xml:29:13-72
106        <activity
106-->[com.google.android.gms:play-services-base:12.0.1] AndroidManifest.xml:23:9-26:75
107            android:name="com.google.android.gms.common.api.GoogleApiActivity"
107-->[com.google.android.gms:play-services-base:12.0.1] AndroidManifest.xml:24:13-79
108            android:exported="false"
108-->[com.google.android.gms:play-services-base:12.0.1] AndroidManifest.xml:25:13-37
109            android:theme="@android:style/Theme.Translucent.NoTitleBar" />
109-->[com.google.android.gms:play-services-base:12.0.1] AndroidManifest.xml:26:13-72
110        <!--
111             FirebaseMessagingService performs security checks at runtime,
112             no need for explicit permissions despite exported="true"
113        -->
114        <service
114-->[com.google.firebase:firebase-messaging:12.0.1] AndroidManifest.xml:28:9-34:19
115            android:name="com.google.firebase.messaging.FirebaseMessagingService"
115-->[com.google.firebase:firebase-messaging:12.0.1] AndroidManifest.xml:29:13-82
116            android:exported="true" >
116-->[com.google.firebase:firebase-messaging:12.0.1] AndroidManifest.xml:30:13-36
117            <intent-filter android:priority="-500" >
117-->[com.google.firebase:firebase-messaging:12.0.1] AndroidManifest.xml:31:13-33:29
117-->[com.google.firebase:firebase-messaging:12.0.1] AndroidManifest.xml:31:28-51
118                <action android:name="com.google.firebase.MESSAGING_EVENT" />
118-->[com.google.firebase:firebase-messaging:12.0.1] AndroidManifest.xml:32:17-78
118-->[com.google.firebase:firebase-messaging:12.0.1] AndroidManifest.xml:32:25-75
119            </intent-filter>
120        </service>
121        <service
121-->[com.google.android.gms:play-services-tagmanager-api:12.0.1] AndroidManifest.xml:27:9-30:40
122            android:name="com.google.android.gms.tagmanager.TagManagerService"
122-->[com.google.android.gms:play-services-tagmanager-api:12.0.1] AndroidManifest.xml:28:13-79
123            android:enabled="true"
123-->[com.google.android.gms:play-services-tagmanager-api:12.0.1] AndroidManifest.xml:29:13-35
124            android:exported="false" />
124-->[com.google.android.gms:play-services-tagmanager-api:12.0.1] AndroidManifest.xml:30:13-37
125
126        <activity
126-->[com.google.android.gms:play-services-tagmanager-api:12.0.1] AndroidManifest.xml:32:9-44:20
127            android:name="com.google.android.gms.tagmanager.TagManagerPreviewActivity"
127-->[com.google.android.gms:play-services-tagmanager-api:12.0.1] AndroidManifest.xml:33:13-87
128            android:exported="true"
128-->[com.google.android.gms:play-services-tagmanager-api:12.0.1] AndroidManifest.xml:34:13-36
129            android:noHistory="true" > <!-- optional, removes the previewActivity from the activity stack. -->
129-->[com.google.android.gms:play-services-tagmanager-api:12.0.1] AndroidManifest.xml:35:13-37
130            <intent-filter>
130-->[com.google.android.gms:play-services-tagmanager-api:12.0.1] AndroidManifest.xml:36:13-43:29
131                <data android:scheme="tagmanager.c.nitin.sangale.androidgames.briksnsaddle" />
131-->[com.google.android.gms:play-services-tagmanager-api:12.0.1] AndroidManifest.xml:37:17-72
131-->[com.google.android.gms:play-services-tagmanager-api:12.0.1] AndroidManifest.xml:37:23-69
132
133                <action android:name="android.intent.action.VIEW" />
133-->[com.google.android.gms:play-services-tagmanager-api:12.0.1] AndroidManifest.xml:39:17-69
133-->[com.google.android.gms:play-services-tagmanager-api:12.0.1] AndroidManifest.xml:39:25-66
134
135                <category android:name="android.intent.category.DEFAULT" />
135-->[com.google.android.gms:play-services-appinvite:12.0.1] AndroidManifest.xml:32:17-76
135-->[com.google.android.gms:play-services-appinvite:12.0.1] AndroidManifest.xml:32:27-73
136                <category android:name="android.intent.category.BROWSABLE" />
136-->[com.google.android.gms:play-services-tagmanager-api:12.0.1] AndroidManifest.xml:42:17-78
136-->[com.google.android.gms:play-services-tagmanager-api:12.0.1] AndroidManifest.xml:42:27-75
137            </intent-filter>
138        </activity>
139
140        <receiver
140-->[com.google.firebase:firebase-analytics:12.0.1] AndroidManifest.xml:28:9-32:20
141            android:name="com.google.android.gms.measurement.AppMeasurementReceiver"
141-->[com.google.firebase:firebase-analytics:12.0.1] AndroidManifest.xml:29:13-85
142            android:enabled="true"
142-->[com.google.firebase:firebase-analytics:12.0.1] AndroidManifest.xml:30:13-35
143            android:exported="false" >
143-->[com.google.firebase:firebase-analytics:12.0.1] AndroidManifest.xml:31:13-37
144        </receiver>
145        <receiver
145-->[com.google.firebase:firebase-analytics:12.0.1] AndroidManifest.xml:33:9-41:20
146            android:name="com.google.android.gms.measurement.AppMeasurementInstallReferrerReceiver"
146-->[com.google.firebase:firebase-analytics:12.0.1] AndroidManifest.xml:34:13-100
147            android:enabled="true"
147-->[com.google.firebase:firebase-analytics:12.0.1] AndroidManifest.xml:35:13-35
148            android:exported="true"
148-->[com.google.firebase:firebase-analytics:12.0.1] AndroidManifest.xml:36:13-36
149            android:permission="android.permission.INSTALL_PACKAGES" >
149-->[com.google.firebase:firebase-analytics:12.0.1] AndroidManifest.xml:37:13-69
150            <intent-filter>
150-->[com.google.firebase:firebase-analytics:12.0.1] AndroidManifest.xml:38:13-40:29
151                <action android:name="com.android.vending.INSTALL_REFERRER" />
151-->[com.google.firebase:firebase-analytics:12.0.1] AndroidManifest.xml:39:17-79
151-->[com.google.firebase:firebase-analytics:12.0.1] AndroidManifest.xml:39:25-76
152            </intent-filter>
153        </receiver>
154
155        <service
155-->[com.google.firebase:firebase-analytics:12.0.1] AndroidManifest.xml:43:9-46:40
156            android:name="com.google.android.gms.measurement.AppMeasurementService"
156-->[com.google.firebase:firebase-analytics:12.0.1] AndroidManifest.xml:44:13-84
157            android:enabled="true"
157-->[com.google.firebase:firebase-analytics:12.0.1] AndroidManifest.xml:45:13-35
158            android:exported="false" />
158-->[com.google.firebase:firebase-analytics:12.0.1] AndroidManifest.xml:46:13-37
159        <service
159-->[com.google.firebase:firebase-analytics:12.0.1] AndroidManifest.xml:47:9-51:72
160            android:name="com.google.android.gms.measurement.AppMeasurementJobService"
160-->[com.google.firebase:firebase-analytics:12.0.1] AndroidManifest.xml:48:13-87
161            android:enabled="true"
161-->[com.google.firebase:firebase-analytics:12.0.1] AndroidManifest.xml:49:13-35
162            android:exported="false"
162-->[com.google.firebase:firebase-analytics:12.0.1] AndroidManifest.xml:50:13-37
163            android:permission="android.permission.BIND_JOB_SERVICE" />
163-->[com.google.firebase:firebase-analytics:12.0.1] AndroidManifest.xml:51:13-69
164
165        <receiver
165-->[com.google.firebase:firebase-iid:12.0.1] AndroidManifest.xml:35:9-44:20
166            android:name="com.google.firebase.iid.FirebaseInstanceIdReceiver"
166-->[com.google.firebase:firebase-iid:12.0.1] AndroidManifest.xml:36:13-78
167            android:exported="true"
167-->[com.google.firebase:firebase-iid:12.0.1] AndroidManifest.xml:37:13-36
168            android:permission="com.google.android.c2dm.permission.SEND" >
168-->[com.google.firebase:firebase-iid:12.0.1] AndroidManifest.xml:38:13-73
169            <intent-filter>
169-->[com.google.firebase:firebase-iid:12.0.1] AndroidManifest.xml:39:13-43:29
170                <action android:name="com.google.android.c2dm.intent.RECEIVE" />
170-->[com.google.firebase:firebase-iid:12.0.1] AndroidManifest.xml:40:17-81
170-->[com.google.firebase:firebase-iid:12.0.1] AndroidManifest.xml:40:25-78
171
172                <category android:name="nitin.sangale.androidgames.briksnsaddle" />
172-->[com.google.firebase:firebase-iid:12.0.1] AndroidManifest.xml:42:17-61
172-->[com.google.firebase:firebase-iid:12.0.1] AndroidManifest.xml:42:27-58
173            </intent-filter>
174        </receiver>
175        <!--
176             FirebaseInstanceIdService performs security checks at runtime,
177             no need for explicit permissions despite exported="true"
178        -->
179        <service
179-->[com.google.firebase:firebase-iid:12.0.1] AndroidManifest.xml:50:9-56:19
180            android:name="com.google.firebase.iid.FirebaseInstanceIdService"
180-->[com.google.firebase:firebase-iid:12.0.1] AndroidManifest.xml:51:13-77
181            android:exported="true" >
181-->[com.google.firebase:firebase-iid:12.0.1] AndroidManifest.xml:52:13-36
182            <intent-filter android:priority="-500" >
182-->[com.google.firebase:firebase-iid:12.0.1] AndroidManifest.xml:53:13-55:29
182-->[com.google.firebase:firebase-iid:12.0.1] AndroidManifest.xml:53:28-51
183                <action android:name="com.google.firebase.INSTANCE_ID_EVENT" />
183-->[com.google.firebase:firebase-iid:12.0.1] AndroidManifest.xml:54:17-80
183-->[com.google.firebase:firebase-iid:12.0.1] AndroidManifest.xml:54:25-77
184            </intent-filter>
185        </service>
186
187        <provider
187-->[com.google.firebase:firebase-common:12.0.1] AndroidManifest.xml:8:9-12:39
188            android:name="com.google.firebase.provider.FirebaseInitProvider"
188-->[com.google.firebase:firebase-common:12.0.1] AndroidManifest.xml:9:13-77
189            android:authorities="nitin.sangale.androidgames.briksnsaddle.firebaseinitprovider"
189-->[com.google.firebase:firebase-common:12.0.1] AndroidManifest.xml:10:13-72
190            android:exported="false"
190-->[com.google.firebase:firebase-common:12.0.1] AndroidManifest.xml:11:13-37
191            android:initOrder="100" />
191-->[com.google.firebase:firebase-common:12.0.1] AndroidManifest.xml:12:13-36
192
193        <meta-data
193-->[com.android.support:mediarouter-v7:26.1.0] AndroidManifest.xml:23:9-25:38
194            android:name="android.support.VERSION"
194-->[com.android.support:mediarouter-v7:26.1.0] AndroidManifest.xml:24:13-51
195            android:value="26.1.0" />
195-->[com.android.support:mediarouter-v7:26.1.0] AndroidManifest.xml:25:13-35
196        <meta-data
196-->[android.arch.lifecycle:runtime:1.0.0] AndroidManifest.xml:25:9-27:47
197            android:name="android.arch.lifecycle.VERSION"
197-->[android.arch.lifecycle:runtime:1.0.0] AndroidManifest.xml:26:13-58
198            android:value="27.0.0-SNAPSHOT" />
198-->[android.arch.lifecycle:runtime:1.0.0] AndroidManifest.xml:27:13-44
199    </application>
200
201</manifest>